<?xml version="1.0" encoding="UTF-8"?>
<testsuite name="openapi.OpenApiIntegrationTest" tests="3" skipped="0" failures="0" errors="0" timestamp="2026-03-28T18:00:21.651Z" hostname="Mac" time="0.213">
  <properties/>
  <testcase name="should generate spec for principal-only payload and response with headers" classname="openapi.OpenApiIntegrationTest" time="0.174"/>
  <testcase name="should serve spec at custom path" classname="openapi.OpenApiIntegrationTest" time="0.006"/>
  <testcase name="should produce no spec route when specPath is null" classname="openapi.OpenApiIntegrationTest" time="0.004"/>
  <system-out><![CDATA[]]></system-out>
  <system-err><![CDATA[SLF4J(W): No SLF4J providers were found.
SLF4J(W): Defaulting to no-operation (NOP) logger implementation
SLF4J(W): See https://www.slf4j.org/codes.html#noProviders for further details.
]]></system-err>
</testsuite>
