<?xml version="1.0" encoding="UTF-8"?>
<testsuite name="openapi.TypedRoutingTest" tests="48" skipped="0" failures="0" errors="0" timestamp="2026-03-28T18:00:21.865Z" hostname="Mac" time="0.253">
  <properties/>
  <testcase name="should extract body and path param from post" classname="openapi.TypedRoutingTest" time="0.02"/>
  <testcase name="should extract path and query params from get" classname="openapi.TypedRoutingTest" time="0.012"/>
  <testcase name="should extract header param and include it in spec" classname="openapi.TypedRoutingTest" time="0.012"/>
  <testcase name="should allow raw call access via opt-in" classname="openapi.TypedRoutingTest" time="0.006"/>
  <testcase name="should use custom status code at runtime and in spec" classname="openapi.TypedRoutingTest" time="0.007"/>
  <testcase name="should return status code with no body for NoContent response" classname="openapi.TypedRoutingTest" time="0.005"/>
  <testcase name="should generate complete openapi spec for typed routes" classname="openapi.TypedRoutingTest" time="0.005"/>
  <testcase name="should return ResponsePayload with custom status code and body" classname="openapi.TypedRoutingTest" time="0.006"/>
  <testcase name="should set response headers from ResponsePayload" classname="openapi.TypedRoutingTest" time="0.006"/>
  <testcase name="should set response cookies from ResponsePayload" classname="openapi.TypedRoutingTest" time="0.011"/>
  <testcase name="should skip null response cookies" classname="openapi.TypedRoutingTest" time="0.003"/>
  <testcase name="should return 204 NoContent for PATCH on shared route with GET" classname="openapi.TypedRoutingTest" time="0.003"/>
  <testcase name="should return 204 NoContent for PATCH route" classname="openapi.TypedRoutingTest" time="0.004"/>
  <testcase name="should return no content from ResponsePayload object" classname="openapi.TypedRoutingTest" time="0.004"/>
  <testcase name="should respond with ByteStreamResponse" classname="openapi.TypedRoutingTest" time="0.009"/>
  <testcase name="should respond with TextStreamResponse" classname="openapi.TypedRoutingTest" time="0.005"/>
  <testcase name="should generate spec with no content body for stream responses" classname="openapi.TypedRoutingTest" time="0.002"/>
  <testcase name="should extract AcceptHeader from request" classname="openapi.TypedRoutingTest" time="0.006"/>
  <testcase name="should not include AcceptHeader in spec parameters" classname="openapi.TypedRoutingTest" time="0.003"/>
  <testcase name="should sealed response returns alternate response type based on accept header" classname="openapi.TypedRoutingTest" time="0.007"/>
  <testcase name="should sealed response with direct data properties (no ResponseBody wrapper)" classname="openapi.TypedRoutingTest" time="0.007"/>
  <testcase name="should extract RequestOrigin from request" classname="openapi.TypedRoutingTest" time="0.003"/>
  <testcase name="should not include RequestOrigin in spec parameters" classname="openapi.TypedRoutingTest" time="0.002"/>
  <testcase name="should generate multipart/form-data request body in spec for MultipartBody" classname="openapi.TypedRoutingTest" time="0.004"/>
  <testcase name="should extract QueryParamList with @Name annotation" classname="openapi.TypedRoutingTest" time="0.004"/>
  <testcase name="should generate spec with @Name annotation and QueryParamList as array" classname="openapi.TypedRoutingTest" time="0.002"/>
  <testcase name="should extract HeaderParam with @Name annotation" classname="openapi.TypedRoutingTest" time="0.004"/>
  <testcase name="should extract nullable Body when present" classname="openapi.TypedRoutingTest" time="0.004"/>
  <testcase name="should generate spec with optional requestBody for nullable Body" classname="openapi.TypedRoutingTest" time="0.003"/>
  <testcase name="should extract CookieParam with @Name annotation" classname="openapi.TypedRoutingTest" time="0.004"/>
  <testcase name="should extract nullable CookieParam as null when missing" classname="openapi.TypedRoutingTest" time="0.002"/>
  <testcase name="should not include CookieParam in spec parameters" classname="openapi.TypedRoutingTest" time="0.002"/>
  <testcase name="should respond with RedirectResponse temporary" classname="openapi.TypedRoutingTest" time="0.003"/>
  <testcase name="should respond with RedirectResponse permanent" classname="openapi.TypedRoutingTest" time="0.003"/>
  <testcase name="should generate spec with redirect status code" classname="openapi.TypedRoutingTest" time="0.002"/>
  <testcase name="should return correct status and body for each sealed response variant" classname="openapi.TypedRoutingTest" time="0.011"/>
  <testcase name="should generate spec with multiple responses for sealed response type" classname="openapi.TypedRoutingTest" time="0.003"/>
  <testcase name="should generate spec with multiple responses for simple sealed type" classname="openapi.TypedRoutingTest" time="0.004"/>
  <testcase name="should set Content-Disposition header on ByteStreamResponse with fileName" classname="openapi.TypedRoutingTest" time="0.002"/>
  <testcase name="should set Content-Disposition header on TextStreamResponse with fileName" classname="openapi.TypedRoutingTest" time="0.002"/>
  <testcase name="should not set Content-Disposition header when fileName is null" classname="openapi.TypedRoutingTest" time="0.002"/>
  <testcase name="should return correct status for sealed redirect-or-404" classname="openapi.TypedRoutingTest" time="0.003"/>
  <testcase name="should generate spec with 302 and 404 for sealed redirect-or-404" classname="openapi.TypedRoutingTest" time="0.002"/>
  <testcase name="should handle transparent route selectors in fullPath" classname="openapi.TypedRoutingTest" time="0.003"/>
  <testcase name="should detect authenticate block and add security to spec" classname="openapi.TypedRoutingTest" time="0.005"/>
  <testcase name="should reject payload with duplicate Body fields at route setup" classname="openapi.TypedRoutingTest" time="0.004"/>
  <testcase name="should reject payload with duplicate Principal fields at route setup" classname="openapi.TypedRoutingTest" time="0.002"/>
  <testcase name="should serialize direct @Serializable response payload with data properties" classname="openapi.TypedRoutingTest" time="0.003"/>
  <system-out><![CDATA[]]></system-out>
  <system-err><![CDATA[]]></system-err>
</testsuite>
